<?xml version="1.0" encoding="UTF-8"?>
<!-- Generated by org.testng.reporters.JUnitReportReporter -->
<testsuite skipped="0" hostname="LAPTOP-U5R1FE71" name="myMavenProject.testDataprovider" tests="3" failures="0" timestamp="2020-06-27T16:41:15 AEST" time="0.011" errors="0">
  <testcase name="testdata" time="0.009" classname="myMavenProject.testDataprovider"/>
  <system-out/>
  <testcase name="testdata" time="0.001" classname="myMavenProject.testDataprovider"/>
  <system-out/>
  <testcase name="testdata" time="0.001" classname="myMavenProject.testDataprovider"/>
  <system-out/>
</testsuite> <!-- myMavenProject.testDataprovider -->
