<?xml version="1.0" encoding="UTF-8"?>
<!-- Generated by org.testng.reporters.JUnitReportReporter -->
<testsuite skipped="0" hostname="LAPTOP-U5R1FE71" name="myMavenProject.EducateWeb" tests="1" failures="0" timestamp="2020-07-01T15:41:08 AEST" time="0.310" errors="0">
  <testcase name="testwebpage" time="0.310" classname="myMavenProject.EducateWeb"/>
  <system-out/>
</testsuite> <!-- myMavenProject.EducateWeb -->
