<?xml version="1.0" encoding="UTF-8"?>
<!-- Generated by org.testng.reporters.JUnitReportReporter -->
<testsuite skipped="0" hostname="LAPTOP-U5R1FE71" name="myMavenProject.AppTest" tests="1" failures="0" timestamp="2020-06-26T17:17:45 AEST" time="0.013" errors="0">
  <testcase name="shouldAnswerWithTrue" time="0.013" classname="myMavenProject.AppTest"/>
  <system-out/>
</testsuite> <!-- myMavenProject.AppTest -->
